Determining if the pthread_create exist failed with the following output:
Change Dir: /home/csrobot/ros_ws/src/inverse_kinematics/cmake-build-debug/CMakeFiles/CMakeTmp

Run Build Command:"/usr/bin/make" "cmTC_108b4/fast"
/usr/bin/make -f CMakeFiles/cmTC_108b4.dir/build.make CMakeFiles/cmTC_108b4.dir/build
make[1]: Entering directory `/home/csrobot/ros_ws/src/inverse_kinematics/cmake-build-debug/CMakeFiles/CMakeTmp'
Building C object CMakeFiles/cmTC_108b4.dir/CheckSymbolExists.c.o
/usr/bin/cc    -o CMakeFiles/cmTC_108b4.dir/CheckSymbolExists.c.o   -c /home/csrobot/ros_ws/src/inverse_kinematics/cmake-build-debug/CMakeFiles/CMakeTmp/CheckSymbolExists.c
Linking C executable cmTC_108b4
/home/csrobot/Downloads/clion-2017.3/bin/cmake/bin/cmake -E cmake_link_script CMakeFiles/cmTC_108b4.dir/link.txt --verbose=1
/usr/bin/cc      -rdynamic CMakeFiles/cmTC_108b4.dir/CheckSymbolExists.c.o  -o cmTC_108b4 
CMakeFiles/cmTC_108b4.dir/CheckSymbolExists.c.o: In function `main':
CheckSymbolExists.c:(.text+0x16): undefined reference to `pthread_create'
collect2: error: ld returned 1 exit status
make[1]: *** [cmTC_108b4] Error 1
make[1]: Leaving directory `/home/csrobot/ros_ws/src/inverse_kinematics/cmake-build-debug/CMakeFiles/CMakeTmp'
make: *** [cmTC_108b4/fast] Error 2

File /home/csrobot/ros_ws/src/inverse_kinematics/cmake-build-debug/CMakeFiles/CMakeTmp/CheckSymbolExists.c:
/* */
#include <pthread.h>

int main(int argc, char** argv)
{
  (void)argv;
#ifndef pthread_create
  return ((int*)(&pthread_create))[argc];
#else
  (void)argc;
  return 0;
#endif
}

Determining if the function pthread_create exists in the pthreads failed with the following output:
Change Dir: /home/csrobot/ros_ws/src/inverse_kinematics/cmake-build-debug/CMakeFiles/CMakeTmp

Run Build Command:"/usr/bin/make" "cmTC_15afc/fast"
/usr/bin/make -f CMakeFiles/cmTC_15afc.dir/build.make CMakeFiles/cmTC_15afc.dir/build
make[1]: Entering directory `/home/csrobot/ros_ws/src/inverse_kinematics/cmake-build-debug/CMakeFiles/CMakeTmp'
Building C object CMakeFiles/cmTC_15afc.dir/CheckFunctionExists.c.o
/usr/bin/cc   -DCHECK_FUNCTION_EXISTS=pthread_create   -o CMakeFiles/cmTC_15afc.dir/CheckFunctionExists.c.o   -c /home/csrobot/Downloads/clion-2017.3/bin/cmake/share/cmake-3.9/Modules/CheckFunctionExists.c
Linking C executable cmTC_15afc
/home/csrobot/Downloads/clion-2017.3/bin/cmake/bin/cmake -E cmake_link_script CMakeFiles/cmTC_15afc.dir/link.txt --verbose=1
/usr/bin/cc  -DCHECK_FUNCTION_EXISTS=pthread_create    -rdynamic CMakeFiles/cmTC_15afc.dir/CheckFunctionExists.c.o  -o cmTC_15afc -lpthreads 
/usr/bin/ld: cannot find -lpthreads
collect2: error: ld returned 1 exit status
make[1]: *** [cmTC_15afc] Error 1
make[1]: Leaving directory `/home/csrobot/ros_ws/src/inverse_kinematics/cmake-build-debug/CMakeFiles/CMakeTmp'
make: *** [cmTC_15afc/fast] Error 2


